<?xml version="1.0" encoding="UTF-8"?>
<testsuite name="com.sh.book.springboot.web.IndexControllerTest" tests="1" skipped="0" failures="0" errors="0" timestamp="2020-08-02T05:11:38" hostname="DESKTOP-09B4SJH" time="0.321">
  <properties/>
  <testcase name="메인페이지_로딩" classname="com.sh.book.springboot.web.IndexControllerTest" time="0.321"/>
  <system-out><![CDATA[2020-08-02 14:11:34.294  INFO 1548 --- [    Test worker] .b.t.c.SpringBootTestContextBootstrapper : Neither @ContextConfiguration nor @ContextHierarchy found for test class [com.sh.book.springboot.web.IndexControllerTest], using SpringBootContextLoader
2020-08-02 14:11:34.296  INFO 1548 --- [    Test worker] o.s.t.c.support.AbstractContextLoader    : Could not detect default resource locations for test class [com.sh.book.springboot.web.IndexControllerTest]: no resource found for suffixes {-context.xml, Context.groovy}.
2020-08-02 14:11:34.297  INFO 1548 --- [    Test worker] t.c.s.AnnotationConfigContextLoaderUtils : Could not detect default configuration classes for test class [com.sh.book.springboot.web.IndexControllerTest]: IndexControllerTest does not declare any static, non-private, non-final, nested classes annotated with @Configuration.
2020-08-02 14:11:34.299  INFO 1548 --- [    Test worker] .b.t.c.SpringBootTestContextBootstrapper : Found @SpringBootConfiguration com.sh.book.springboot.Application for test class com.sh.book.springboot.web.IndexControllerTest
2020-08-02 14:11:34.301  INFO 1548 --- [    Test worker] .b.t.c.SpringBootTestContextBootstrapper : Loaded default TestExecutionListener class names from location [META-INF/spring.factories]: [org.springframework.security.test.context.support.WithSecurityContextTestExecutionListener, org.springframework.security.test.context.support.ReactorContextTestExecutionListener, org.springframework.boot.test.autoconfigure.restdocs.RestDocsTestExecutionListener, org.springframework.boot.test.autoconfigure.web.client.MockRestServiceServerResetTestExecutionListener, org.springframework.boot.test.autoconfigure.web.servlet.MockMvcPrintOnlyOnFailureTestExecutionListener, org.springframework.boot.test.autoconfigure.web.servlet.WebDriverTestExecutionListener, org.springframework.boot.test.mock.mockito.MockitoTestExecutionListener, org.springframework.boot.test.mock.mockito.ResetMocksTestExecutionListener, org.springframework.test.context.web.ServletTestExecutionListener, org.springframework.test.context.support.DirtiesContextBeforeModesTestExecutionListener, org.springframework.test.context.support.DependencyInjectionTestExecutionListener, org.springframework.test.context.support.DirtiesContextTestExecutionListener, org.springframework.test.context.transaction.TransactionalTestExecutionListener, org.springframework.test.context.jdbc.SqlScriptsTestExecutionListener]
2020-08-02 14:11:34.303  INFO 1548 --- [    Test worker] .b.t.c.SpringBootTestContextBootstrapper : Using TestExecutionListeners: [org.springframework.test.context.web.ServletTestExecutionListener@7577d07a, org.springframework.test.context.support.DirtiesContextBeforeModesTestExecutionListener@27cb2c3d, org.springframework.boot.test.mock.mockito.MockitoTestExecutionListener@13d6a9a4, org.springframework.boot.test.autoconfigure.SpringBootDependencyInjectionTestExecutionListener@6efcc52b, org.springframework.test.context.support.DirtiesContextTestExecutionListener@25c33c8e, org.springframework.test.context.transaction.TransactionalTestExecutionListener@5b1746cf, org.springframework.test.context.jdbc.SqlScriptsTestExecutionListener@7daa4f80, org.springframework.security.test.context.support.WithSecurityContextTestExecutionListener@75f71883, org.springframework.security.test.context.support.ReactorContextTestExecutionListener@496c7dff, org.springframework.boot.test.autoconfigure.restdocs.RestDocsTestExecutionListener@282c7b23, org.springframework.boot.test.autoconfigure.web.client.MockRestServiceServerResetTestExecutionListener@755f7e9, org.springframework.boot.test.autoconfigure.web.servlet.MockMvcPrintOnlyOnFailureTestExecutionListener@4aabc480, org.springframework.boot.test.autoconfigure.web.servlet.WebDriverTestExecutionListener@6082dbaf, org.springframework.boot.test.mock.mockito.ResetMocksTestExecutionListener@2bbc41ff]

  .   ____          _            __ _ _
 /\\ / ___'_ __ _ _(_)_ __  __ _ \ \ \ \
( ( )\___ | '_ | '_| | '_ \/ _` | \ \ \ \
 \\/  ___)| |_)| | | | | || (_| |  ) ) ) )
  '  |____| .__|_| |_|_| |_\__, | / / / /
 =========|_|==============|___/=/_/_/_/
 :: Spring Boot ::        (v2.1.7.RELEASE)

2020-08-02 14:11:34.367  INFO 1548 --- [    Test worker] c.s.b.s.web.IndexControllerTest          : Starting IndexControllerTest on DESKTOP-09B4SJH with PID 1548 (started by ysh in C:\Users\양승훈\IdeaProjects\freelec-springboot2-webservice)
2020-08-02 14:11:34.367  INFO 1548 --- [    Test worker] c.s.b.s.web.IndexControllerTest          : No active profile set, falling back to default profiles: default
2020-08-02 14:11:34.814  INFO 1548 --- [    Test worker] .s.d.r.c.RepositoryConfigurationDelegate : Bootstrapping Spring Data repositories in DEFAULT mode.
2020-08-02 14:11:34.878  INFO 1548 --- [    Test worker] .s.d.r.c.RepositoryConfigurationDelegate : Finished Spring Data repository scanning in 63ms. Found 2 repository interfaces.
2020-08-02 14:11:35.099  INFO 1548 --- [    Test worker] trationDelegate$BeanPostProcessorChecker : Bean 'org.springframework.transaction.annotation.ProxyTransactionManagementConfiguration' of type [org.springframework.transaction.annotation.ProxyTransactionManagementConfiguration$$EnhancerBySpringCGLIB$$8984c98e] is not eligible for getting processed by all BeanPostProcessors (for example: not eligible for auto-proxying)
2020-08-02 14:11:35.617  INFO 1548 --- [    Test worker] o.s.b.w.embedded.tomcat.TomcatWebServer  : Tomcat initialized with port(s): 0 (http)
2020-08-02 14:11:35.681  INFO 1548 --- [    Test worker] o.apache.catalina.core.StandardService   : Starting service [Tomcat]
2020-08-02 14:11:35.681  INFO 1548 --- [    Test worker] org.apache.catalina.core.StandardEngine  : Starting Servlet engine: [Apache Tomcat/9.0.22]
2020-08-02 14:11:36.029  INFO 1548 --- [    Test worker] o.a.c.c.C.[Tomcat].[localhost].[/]       : Initializing Spring embedded WebApplicationContext
2020-08-02 14:11:36.029  INFO 1548 --- [    Test worker] o.s.web.context.ContextLoader            : Root WebApplicationContext: initialization completed in 1656 ms
2020-08-02 14:11:36.373  INFO 1548 --- [    Test worker] com.zaxxer.hikari.HikariDataSource       : HikariPool-2 - Starting...
2020-08-02 14:11:36.375  INFO 1548 --- [    Test worker] com.zaxxer.hikari.HikariDataSource       : HikariPool-2 - Start completed.
2020-08-02 14:11:36.458  INFO 1548 --- [    Test worker] o.hibernate.jpa.internal.util.LogHelper  : HHH000204: Processing PersistenceUnitInfo [
	name: default
	...]
2020-08-02 14:11:36.485  INFO 1548 --- [    Test worker] org.hibernate.dialect.Dialect            : HHH000400: Using dialect: org.hibernate.dialect.MySQL5InnoDBDialect
Hibernate: drop table if exists posts
Hibernate: drop table if exists user
Hibernate: create table posts (id bigint not null auto_increment, created_date datetime, modified_date datetime, author varchar(255), content TEXT not null, title varchar(500) not null, primary key (id)) engine=InnoDB
Hibernate: create table user (id bigint not null auto_increment, created_date datetime, modified_date datetime, email varchar(255) not null, name varchar(255) not null, picture varchar(255), role varchar(255) not null, primary key (id)) engine=InnoDB
2020-08-02 14:11:36.583  INFO 1548 --- [    Test worker] o.h.t.schema.internal.SchemaCreatorImpl  : HHH000476: Executing import script 'org.hibernate.tool.schema.internal.exec.ScriptSourceInputNonExistentImpl@34d1ca58'
2020-08-02 14:11:36.583  INFO 1548 --- [    Test worker] j.LocalContainerEntityManagerFactoryBean : Initialized JPA EntityManagerFactory for persistence unit 'default'
2020-08-02 14:11:37.420  INFO 1548 --- [    Test worker] o.h.h.i.QueryTranslatorFactoryInitiator  : HHH000397: Using ASTQueryTranslatorFactory
2020-08-02 14:11:37.726  INFO 1548 --- [    Test worker] o.s.s.web.DefaultSecurityFilterChain     : Creating filter chain: any request, [org.springframework.security.web.context.request.async.WebAsyncManagerIntegrationFilter@66463809, org.springframework.security.web.context.SecurityContextPersistenceFilter@263b7f68, org.springframework.security.web.header.HeaderWriterFilter@196bbecf, org.springframework.security.web.authentication.logout.LogoutFilter@4ccb3922, org.springframework.security.oauth2.client.web.OAuth2AuthorizationRequestRedirectFilter@52228222, org.springframework.security.oauth2.client.web.OAuth2LoginAuthenticationFilter@49af1e8b, org.springframework.security.web.authentication.ui.DefaultLoginPageGeneratingFilter@3176c05b, org.springframework.security.web.authentication.ui.DefaultLogoutPageGeneratingFilter@7108901, org.springframework.security.web.savedrequest.RequestCacheAwareFilter@3d23858f, org.springframework.security.web.servletapi.SecurityContextHolderAwareRequestFilter@797ac922, org.springframework.security.web.authentication.AnonymousAuthenticationFilter@41653853, org.springframework.security.web.session.SessionManagementFilter@6f54e214, org.springframework.security.web.access.ExceptionTranslationFilter@772d85cd, org.springframework.security.web.access.intercept.FilterSecurityInterceptor@4b654a5a]
2020-08-02 14:11:38.165  INFO 1548 --- [    Test worker] o.s.s.concurrent.ThreadPoolTaskExecutor  : Initializing ExecutorService 'applicationTaskExecutor'
2020-08-02 14:11:38.189  WARN 1548 --- [    Test worker] aWebConfiguration$JpaWebMvcConfiguration : spring.jpa.open-in-view is enabled by default. Therefore, database queries may be performed during view rendering. Explicitly configure spring.jpa.open-in-view to disable this warning
2020-08-02 14:11:38.249  INFO 1548 --- [    Test worker] o.s.b.a.w.s.WelcomePageHandlerMapping    : Adding welcome page template: index
2020-08-02 14:11:38.873  INFO 1548 --- [    Test worker] s.a.ScheduledAnnotationBeanPostProcessor : No TaskScheduler/ScheduledExecutorService bean found for scheduled processing
2020-08-02 14:11:38.912  INFO 1548 --- [    Test worker] o.s.b.w.embedded.tomcat.TomcatWebServer  : Tomcat started on port(s): 51356 (http) with context path ''
2020-08-02 14:11:38.914  INFO 1548 --- [    Test worker] c.s.b.s.web.IndexControllerTest          : Started IndexControllerTest in 4.608 seconds (JVM running for 23.532)
2020-08-02 14:11:39.074  INFO 1548 --- [o-auto-1-exec-1] o.a.c.c.C.[Tomcat].[localhost].[/]       : Initializing Spring DispatcherServlet 'dispatcherServlet'
2020-08-02 14:11:39.075  INFO 1548 --- [o-auto-1-exec-1] o.s.web.servlet.DispatcherServlet        : Initializing Servlet 'dispatcherServlet'
2020-08-02 14:11:39.113  INFO 1548 --- [o-auto-1-exec-1] o.s.web.servlet.DispatcherServlet        : Completed initialization in 38 ms
Hibernate: select posts0_.id as id1_0_, posts0_.created_date as created_2_0_, posts0_.modified_date as modified3_0_, posts0_.author as author4_0_, posts0_.content as content5_0_, posts0_.title as title6_0_ from posts posts0_ order by posts0_.id DESC
]]></system-out>
  <system-err><![CDATA[]]></system-err>
</testsuite>
